{
  "stats": {
    "suites": 1,
    "tests": 1,
    "passes": 1,
    "pending": 0,
    "failures": 0,
    "start": "2021-11-03T15:41:25.969Z",
    "end": "2021-11-03T15:41:34.551Z",
    "duration": 8582,
    "testsRegistered": 1,
    "passPercent": 100,
    "pendingPercent": 0,
    "other": 0,
    "hasOther": false,
    "skipped": 0,
    "hasSkipped": false
  },
  "results": [
    {
      "uuid": "5a24192d-28c9-4941-a80b-fc7ea8dfbfcc",
      "title": "",
      "fullFile": "cypress/integration/Test-suite.spec.js",
      "file": "cypress/integration/Test-suite.spec.js",
      "beforeHooks": [],
      "afterHooks": [],
      "tests": [],
      "suites": [
        {
          "uuid": "b70623db-985f-483b-9180-3fe66bae3ded",
          "title": "Test suite - 1",
          "fullFile": "",
          "file": "",
          "beforeHooks": [],
          "afterHooks": [],
          "tests": [
            {
              "title": "Test case 1 - Check Rooms",
              "fullTitle": "Test suite - 1 Test case 1 - Check Rooms",
              "timedOut": null,
              "duration": 6695,
              "state": "passed",
              "speed": "medium",
              "pass": true,
              "fail": false,
              "pending": false,
              "context": null,
              "code": "roomsPageFuncs.clickOnRoomsPages(cy); //Click on Rooms\n// input contains room somethinv // \nroomsPageFuncs.checkTitleOfRoomsPage(cy); // dashboardPageFuncs.checkTitleOfdashboardPage(cy) //Tabortfrån listan i kod\ndashboardPageFuncs.clickOnDashboardPages(cy); //Back Btn\nclientPageFuncs.clickOnClientsPages(cy); //Click on Clients\n//input contains client something\ndashboardPageFuncs.clickOnDashboardPages(cy); //Back Btn\nbillPageFuncs.clickOnBillsPages(cy); //Click on Bills\n//input contains bill something\ndashboardPageFuncs.clickOnDashboardPages(cy); //Back Btn\nreservationsPageFuncs.clickOnReservationsPages(cy); //Click Reservations\ndashboardPageFuncs.clickOnDashboardPages(cy); //Back Btn",
              "err": {},
              "uuid": "e84320ba-c9d8-47f9-b66d-4386873efbac",
              "parentUUID": "b70623db-985f-483b-9180-3fe66bae3ded",
              "isHook": false,
              "skipped": false
            }
          ],
          "suites": [],
          "passes": [
            "e84320ba-c9d8-47f9-b66d-4386873efbac"
          ],
          "failures": [],
          "pending": [],
          "skipped": [],
          "duration": 6695,
          "root": false,
          "rootEmpty": false,
          "_timeout": 2000
        }
      ],
      "passes": [],
      "failures": [],
      "pending": [],
      "skipped": [],
      "duration": 0,
      "root": true,
      "rootEmpty": true,
      "_timeout": 2000
    }
  ],
  "meta": {
    "mocha": {
      "version": "7.0.1"
    },
    "mochawesome": {
      "options": {
        "quiet": false,
        "reportFilename": "mochawesome",
        "saveHtml": true,
        "saveJson": true,
        "consoleReporter": "spec",
        "useInlineDiffs": false,
        "code": true
      },
      "version": "6.3.1"
    },
    "marge": {
      "options": null,
      "version": "5.2.0"
    }
  }
}